[debug] [2020-12-17T06:10:06.121Z] ----------------------------------------------------------------------
[debug] [2020-12-17T06:10:06.123Z] Command:       C:\Program Files\nodejs\node.exe C:\Users\gravi\AppData\Roaming\npm\node_modules\firebase-tools\lib\bin\firebase.js init
[debug] [2020-12-17T06:10:06.123Z] CLI Version:   9.0.1
[debug] [2020-12-17T06:10:06.123Z] Platform:      win32
[debug] [2020-12-17T06:10:06.123Z] Node Version:  v14.15.0
[debug] [2020-12-17T06:10:06.124Z] Time:          Wed Dec 16 2020 22:10:06 GMT-0800 (Pacific Standard Time)
[debug] [2020-12-17T06:10:06.124Z] ----------------------------------------------------------------------
[debug] [2020-12-17T06:10:06.124Z] 
[debug] [2020-12-17T06:10:06.126Z] >>> [apiv2][query] GET https://firebase-public.firebaseio.com/cli.json [none]
[debug] [2020-12-17T06:10:06.142Z] > command requires scopes: ["email","openid","https://www.googleapis.com/auth/cloudplatformprojects.readonly","https://www.googleapis.com/auth/firebase","https://www.googleapis.com/auth/cloud-platform"]
[debug] [2020-12-17T06:10:06.142Z] > authorizing via signed-in user
[info] 
     ######## #### ########  ######## ########     ###     ######  ########
     ##        ##  ##     ## ##       ##     ##  ##   ##  ##       ##
     ######    ##  ########  ######   ########  #########  ######  ######
     ##        ##  ##    ##  ##       ##     ## ##     ##       ## ##
     ##       #### ##     ## ######## ########  ##     ##  ######  ########

You're about to initialize a Firebase project in this directory:

  D:\Current Schoolwork\INF 133\133 Project\speedrun-analytics

Before we get started, keep in mind:

  * You are initializing in an existing Firebase project directory

[debug] [2020-12-17T06:10:06.382Z] <<< [apiv2][status] GET https://firebase-public.firebaseio.com/cli.json 200
[debug] [2020-12-17T06:10:06.382Z] <<< [apiv2][body] GET https://firebase-public.firebaseio.com/cli.json {"cloudBuildErrorAfter":1594252800000,"cloudBuildWarnAfter":1590019200000,"defaultNode10After":1594252800000,"minVersion":"3.0.5","node8DeploysDisabledAfter":1613390400000,"node8RuntimeDisabledAfter":1615809600000,"node8WarnAfter":1600128000000}
